<?xml version="1.0" encoding="UTF-8"?>
<robot generator="Robot 3.1.1 (Python 3.7.1 on win32)" generated="20190430 20:09:42.274" rpa="false">
<suite id="s1" name="automationRobot" source="C:\Users\Administrator\eclipse-workspace\automationRobot">
<suite id="s1-s1" name="robotTest" source="C:\Users\Administrator\eclipse-workspace\automationRobot\robotTest">
<suite id="s1-s1-s1" name="robotTest1" source="C:\Users\Administrator\eclipse-workspace\automationRobot\robotTest\robotTest1.robot">
<test id="s1-s1-s1-t1" name="My first">
<kw name="Log" library="BuiltIn">
<doc>Logs the given message with the given level.</doc>
<arguments>
<arg>Hello!</arg>
</arguments>
<msg timestamp="20190430 20:09:43.389" level="INFO">Hello!</msg>
<status status="PASS" starttime="20190430 20:09:43.389" endtime="20190430 20:09:43.390"></status>
</kw>
<status status="PASS" starttime="20190430 20:09:43.389" endtime="20190430 20:09:43.390" critical="yes"></status>
</test>
<test id="s1-s1-s1-t2" name="Login Should Failed With Unregistered Mail Adress">
<kw name="Open LinkedinPage">
<kw name="Evaluate" library="BuiltIn">
<doc>Evaluates the given expression in Python and returns the results.</doc>
<arguments>
<arg>sys.modules['selenium.webdriver.chrome.options'].Options()</arg>
<arg>sys</arg>
</arguments>
<assign>
<var>${options}</var>
</assign>
<msg timestamp="20190430 20:09:43.392" level="INFO">${options} = &lt;selenium.webdriver.chrome.options.Options object at 0x03AAA270&gt;</msg>
<status status="PASS" starttime="20190430 20:09:43.391" endtime="20190430 20:09:43.392"></status>
</kw>
<kw name="Call Method" library="BuiltIn">
<doc>Calls the named method of the given object with the provided arguments.</doc>
<arguments>
<arg>${options}</arg>
<arg>add_argument</arg>
<arg>--disable-notifications</arg>
</arguments>
<status status="PASS" starttime="20190430 20:09:43.392" endtime="20190430 20:09:43.392"></status>
</kw>
<kw name="Create Webdriver" library="SeleniumLibrary">
<doc>Creates an instance of Selenium WebDriver.</doc>
<arguments>
<arg>Chrome</arg>
<arg>options=${options}</arg>
</arguments>
<assign>
<var>${driver}</var>
</assign>
<msg timestamp="20190430 20:09:43.393" level="INFO">Creating an instance of the Chrome WebDriver.</msg>
<msg timestamp="20190430 20:09:45.787" level="INFO">${driver} = 1</msg>
<status status="PASS" starttime="20190430 20:09:43.393" endtime="20190430 20:09:45.787"></status>
</kw>
<kw name="Go To" library="SeleniumLibrary">
<doc>Navigates the active browser instance to the provided ``url``.</doc>
<arguments>
<arg>${SiteUrl}</arg>
</arguments>
<msg timestamp="20190430 20:09:45.790" level="INFO">Opening url 'http://www.fb.com'</msg>
<status status="PASS" starttime="20190430 20:09:45.787" endtime="20190430 20:09:47.662"></status>
</kw>
<status status="PASS" starttime="20190430 20:09:43.391" endtime="20190430 20:09:47.663"></status>
</kw>
<kw name="Enter Email">
<kw name="Input Text" library="SeleniumLibrary">
<doc>Types the given ``text`` into text field identified by ``locator``.</doc>
<arguments>
<arg>xpath=//*[@id="email"]</arg>
<arg>${Email}</arg>
</arguments>
<msg timestamp="20190430 20:09:47.665" level="INFO">Typing text '0935550601' into text field 'xpath=//*[@id="email"]'.</msg>
<status status="PASS" starttime="20190430 20:09:47.664" endtime="20190430 20:09:48.205"></status>
</kw>
<status status="PASS" starttime="20190430 20:09:47.663" endtime="20190430 20:09:48.206"></status>
</kw>
<kw name="Enter Password">
<kw name="Input Text" library="SeleniumLibrary">
<doc>Types the given ``text`` into text field identified by ``locator``.</doc>
<arguments>
<arg>xpath=//*[@id="pass"]</arg>
<arg>${password}</arg>
</arguments>
<msg timestamp="20190430 20:09:48.207" level="INFO">Typing text 'zFounders97@!z' into text field 'xpath=//*[@id="pass"]'.</msg>
<status status="PASS" starttime="20190430 20:09:48.207" endtime="20190430 20:09:48.326"></status>
</kw>
<status status="PASS" starttime="20190430 20:09:48.206" endtime="20190430 20:09:48.326"></status>
</kw>
<kw name="Click Button Login">
<kw name="Click Button" library="SeleniumLibrary">
<doc>Clicks button identified by ``locator``.</doc>
<arguments>
<arg>xpath=//*[@id="u_0_3"] | //*[@id="u_0_2"] | //*[@id="u_0_8"]//p</arg>
</arguments>
<msg timestamp="20190430 20:09:48.327" level="INFO">Clicking button 'xpath=//*[@id="u_0_3"] | //*[@id="u_0_2"] | //*[@id="u_0_8"]//p'.</msg>
<status status="PASS" starttime="20190430 20:09:48.327" endtime="20190430 20:09:51.078"></status>
</kw>
<status status="PASS" starttime="20190430 20:09:48.326" endtime="20190430 20:09:51.078"></status>
</kw>
<kw name="Check Login">
<kw name="Title Should Be" library="SeleniumLibrary">
<doc>Verifies that current page title equals ``title``.</doc>
<arguments>
<arg>${tittle}</arg>
</arguments>
<kw name="Capture Page Screenshot" library="SeleniumLibrary">
<doc>Takes screenshot of the current page and embeds it into log file.</doc>
<msg timestamp="20190430 20:09:51.392" level="INFO" html="yes">&lt;/td&gt;&lt;/tr&gt;&lt;tr&gt;&lt;td colspan="3"&gt;&lt;a href="selenium-screenshot-32.png"&gt;&lt;img src="selenium-screenshot-32.png" width="800px"&gt;&lt;/a&gt;</msg>
<status status="PASS" starttime="20190430 20:09:51.086" endtime="20190430 20:09:51.392"></status>
</kw>
<msg timestamp="20190430 20:09:51.416" level="FAIL">Title should have been 'Facebook' but was 'Đăng nhập Facebook | Facebook'.</msg>
<status status="FAIL" starttime="20190430 20:09:51.080" endtime="20190430 20:09:51.416"></status>
</kw>
<status status="FAIL" starttime="20190430 20:09:51.079" endtime="20190430 20:09:51.416"></status>
</kw>
<tags>
<tag>InvalidLogin-UnregisteredMailError</tag>
</tags>
<status status="FAIL" starttime="20190430 20:09:43.390" endtime="20190430 20:09:51.417" critical="yes">Title should have been 'Facebook' but was 'Đăng nhập Facebook | Facebook'.</status>
</test>
<status status="FAIL" starttime="20190430 20:09:42.581" endtime="20190430 20:09:51.418"></status>
</suite>
<status status="FAIL" starttime="20190430 20:09:42.578" endtime="20190430 20:09:51.420"></status>
</suite>
<status status="FAIL" starttime="20190430 20:09:42.546" endtime="20190430 20:09:51.421"></status>
</suite>
<statistics>
<total>
<stat pass="1" fail="1">Critical Tests</stat>
<stat pass="1" fail="1">All Tests</stat>
</total>
<tag>
<stat pass="0" fail="1">InvalidLogin-UnregisteredMailError</stat>
</tag>
<suite>
<stat pass="1" fail="1" id="s1" name="automationRobot">automationRobot</stat>
<stat pass="1" fail="1" id="s1-s1" name="robotTest">automationRobot.robotTest</stat>
<stat pass="1" fail="1" id="s1-s1-s1" name="robotTest1">automationRobot.robotTest.robotTest1</stat>
</suite>
</statistics>
<errors>
</errors>
</robot>
