<?xml version="1.0" encoding="UTF-8"?>
<testng-results skipped="0" failed="1" total="1" passed="0">
  <reporter-output>
  </reporter-output>
  <suite name="Default suite" duration-ms="7281" started-at="2019-04-30T15:29:14Z" finished-at="2019-04-30T15:29:22Z">
    <groups>
    </groups>
    <test name="Default test" duration-ms="7281" started-at="2019-04-30T15:29:14Z" finished-at="2019-04-30T15:29:22Z">
      <class name="practiceTestCases.DataProviderWithExcel_002">
        <test-method status="PASS" signature="beforeMethod()[pri:0, instance:practiceTestCases.DataProviderWithExcel_002@7c16905e]" name="beforeMethod" is-config="true" duration-ms="4685" started-at="2019-04-30T22:29:15Z" finished-at="2019-04-30T22:29:19Z">
          <reporter-output>
          </reporter-output>
        </test-method> <!-- beforeMethod -->
        <test-method status="FAIL" signature="f(java.lang.String, java.lang.String)[pri:0, instance:practiceTestCases.DataProviderWithExcel_002@7c16905e]" name="f" duration-ms="1483" started-at="2019-04-30T22:29:19Z" data-provider="Authentication" finished-at="2019-04-30T22:29:21Z">
          <params>
            <param index="0">
              <value>
                <![CDATA[testuser_2]]>
              </value>
            </param>
            <param index="1">
              <value>
                <![CDATA[Test@123]]>
              </value>
            </param>
          </params>
          <exception class="org.junit.ComparisonFailure">
            <message>
              <![CDATA[expected:<[??ng nh?p Facebook | ]Facebook> but was:<[]Facebook>]]>
            </message>
            <full-stacktrace>
              <![CDATA[org.junit.ComparisonFailure: expected:<[??ng nh?p Facebook | ]Facebook> but was:<[]Facebook>
	at org.junit.Assert.assertEquals(Assert.java:115)
	at org.junit.Assert.assertEquals(Assert.java:144)
	at practiceTestCases.DataProviderWithExcel_002.f(DataProviderWithExcel_002.java:59)
	at sun.reflect.NativeMethodAccessorImpl.invoke0(Native Method)
	at sun.reflect.NativeMethodAccessorImpl.invoke(NativeMethodAccessorImpl.java:62)
	at sun.reflect.DelegatingMethodAccessorImpl.invoke(DelegatingMethodAccessorImpl.java:43)
	at java.lang.reflect.Method.invoke(Method.java:498)
	at org.testng.internal.MethodInvocationHelper.invokeMethod(MethodInvocationHelper.java:84)
	at org.testng.internal.Invoker.invokeMethod(Invoker.java:714)
	at org.testng.internal.Invoker.invokeTestMethod(Invoker.java:901)
	at org.testng.internal.Invoker.invokeTestMethods(Invoker.java:1231)
	at org.testng.internal.TestMethodWorker.invokeTestMethods(TestMethodWorker.java:127)
	at org.testng.internal.TestMethodWorker.run(TestMethodWorker.java:111)
	at org.testng.TestRunner.privateRun(TestRunner.java:767)
	at org.testng.TestRunner.run(TestRunner.java:617)
	at org.testng.SuiteRunner.runTest(SuiteRunner.java:334)
	at org.testng.SuiteRunner.runSequentially(SuiteRunner.java:329)
	at org.testng.SuiteRunner.privateRun(SuiteRunner.java:291)
	at org.testng.SuiteRunner.run(SuiteRunner.java:240)
	at org.testng.SuiteRunnerWorker.runSuite(SuiteRunnerWorker.java:52)
	at org.testng.SuiteRunnerWorker.run(SuiteRunnerWorker.java:86)
	at org.testng.TestNG.runSuitesSequentially(TestNG.java:1224)
	at org.testng.TestNG.runSuitesLocally(TestNG.java:1149)
	at org.testng.TestNG.run(TestNG.java:1057)
	at org.testng.remote.AbstractRemoteTestNG.run(AbstractRemoteTestNG.java:115)
	at org.testng.remote.RemoteTestNG.initAndRun(RemoteTestNG.java:251)
	at org.testng.remote.RemoteTestNG.main(RemoteTestNG.java:77)
]]>
            </full-stacktrace>
          </exception> <!-- org.junit.ComparisonFailure -->
          <reporter-output>
          </reporter-output>
        </test-method> <!-- f -->
        <test-method status="PASS" signature="afterMethod()[pri:0, instance:practiceTestCases.DataProviderWithExcel_002@7c16905e]" name="afterMethod" is-config="true" duration-ms="575" started-at="2019-04-30T22:29:21Z" finished-at="2019-04-30T22:29:22Z">
          <reporter-output>
          </reporter-output>
        </test-method> <!-- afterMethod -->
      </class> <!-- practiceTestCases.DataProviderWithExcel_002 -->
    </test> <!-- Default test -->
  </suite> <!-- Default suite -->
</testng-results>
