<?xml version="1.0" encoding="UTF-8"?>
<testng-results skipped="0" failed="0" total="1" passed="1">
  <reporter-output>
  </reporter-output>
  <suite name="Default suite" duration-ms="17106" started-at="2019-04-11T07:04:42Z" finished-at="2019-04-11T07:04:59Z">
    <groups>
    </groups>
    <test name="Default test" duration-ms="17106" started-at="2019-04-11T07:04:42Z" finished-at="2019-04-11T07:04:59Z">
      <class name="automationTestNG.test">
        <test-method status="PASS" signature="main()[pri:0, instance:automationTestNG.test@a67c67e]" name="main" duration-ms="17095" started-at="2019-04-11T14:04:42Z" finished-at="2019-04-11T14:04:59Z">
          <reporter-output>
          </reporter-output>
        </test-method> <!-- main -->
      </class> <!-- automationTestNG.test -->
    </test> <!-- Default test -->
  </suite> <!-- Default suite -->
</testng-results>
